Determining if the Q_WS_WIN exist failed with the following output:
Change Dir: /home/salabeta/robocomp/components/beta-robotica-class/chocamem/CMakeFiles/CMakeTmp

Run Build Command:"/usr/bin/make" "cmTC_58dc7/fast"
/usr/bin/make -f CMakeFiles/cmTC_58dc7.dir/build.make CMakeFiles/cmTC_58dc7.dir/build
make[1]: se entra en el directorio '/home/salabeta/robocomp/components/beta-robotica-class/chocamem/CMakeFiles/CMakeTmp'
Building CXX object CMakeFiles/cmTC_58dc7.dir/CheckSymbolExists.cxx.o
/usr/bin/c++   -I/usr/include/qt4   -o CMakeFiles/cmTC_58dc7.dir/CheckSymbolExists.cxx.o -c /home/salabeta/robocomp/components/beta-robotica-class/chocamem/CMakeFiles/CMakeTmp/CheckSymbolExists.cxx
/home/salabeta/robocomp/components/beta-robotica-class/chocamem/CMakeFiles/CMakeTmp/CheckSymbolExists.cxx: In function ‘int main(int, char**)’:
/home/salabeta/robocomp/components/beta-robotica-class/chocamem/CMakeFiles/CMakeTmp/CheckSymbolExists.cxx:8:19: error: ‘Q_WS_WIN’ was not declared in this scope
   return ((int*)(&Q_WS_WIN))[argc];
                   ^~~~~~~~
/home/salabeta/robocomp/components/beta-robotica-class/chocamem/CMakeFiles/CMakeTmp/CheckSymbolExists.cxx:8:19: note: suggested alternative: ‘Q_WS_X11’
   return ((int*)(&Q_WS_WIN))[argc];
                   ^~~~~~~~
                   Q_WS_X11
CMakeFiles/cmTC_58dc7.dir/build.make:65: recipe for target 'CMakeFiles/cmTC_58dc7.dir/CheckSymbolExists.cxx.o' failed
make[1]: *** [CMakeFiles/cmTC_58dc7.dir/CheckSymbolExists.cxx.o] Error 1
make[1]: se sale del directorio '/home/salabeta/robocomp/components/beta-robotica-class/chocamem/CMakeFiles/CMakeTmp'
Makefile:126: recipe for target 'cmTC_58dc7/fast' failed
make: *** [cmTC_58dc7/fast] Error 2

File /home/salabeta/robocomp/components/beta-robotica-class/chocamem/CMakeFiles/CMakeTmp/CheckSymbolExists.cxx:
/* */
#include <QtCore/qglobal.h>

int main(int argc, char** argv)
{
  (void)argv;
#ifndef Q_WS_WIN
  return ((int*)(&Q_WS_WIN))[argc];
#else
  (void)argc;
  return 0;
#endif
}

Determining if the Q_WS_QWS exist failed with the following output:
Change Dir: /home/salabeta/robocomp/components/beta-robotica-class/chocamem/CMakeFiles/CMakeTmp

Run Build Command:"/usr/bin/make" "cmTC_76b2a/fast"
/usr/bin/make -f CMakeFiles/cmTC_76b2a.dir/build.make CMakeFiles/cmTC_76b2a.dir/build
make[1]: se entra en el directorio '/home/salabeta/robocomp/components/beta-robotica-class/chocamem/CMakeFiles/CMakeTmp'
Building CXX object CMakeFiles/cmTC_76b2a.dir/CheckSymbolExists.cxx.o
/usr/bin/c++   -I/usr/include/qt4   -o CMakeFiles/cmTC_76b2a.dir/CheckSymbolExists.cxx.o -c /home/salabeta/robocomp/components/beta-robotica-class/chocamem/CMakeFiles/CMakeTmp/CheckSymbolExists.cxx
/home/salabeta/robocomp/components/beta-robotica-class/chocamem/CMakeFiles/CMakeTmp/CheckSymbolExists.cxx: In function ‘int main(int, char**)’:
/home/salabeta/robocomp/components/beta-robotica-class/chocamem/CMakeFiles/CMakeTmp/CheckSymbolExists.cxx:8:19: error: ‘Q_WS_QWS’ was not declared in this scope
   return ((int*)(&Q_WS_QWS))[argc];
                   ^~~~~~~~
/home/salabeta/robocomp/components/beta-robotica-class/chocamem/CMakeFiles/CMakeTmp/CheckSymbolExists.cxx:8:19: note: suggested alternative: ‘Q_WS_X11’
   return ((int*)(&Q_WS_QWS))[argc];
                   ^~~~~~~~
                   Q_WS_X11
CMakeFiles/cmTC_76b2a.dir/build.make:65: recipe for target 'CMakeFiles/cmTC_76b2a.dir/CheckSymbolExists.cxx.o' failed
make[1]: *** [CMakeFiles/cmTC_76b2a.dir/CheckSymbolExists.cxx.o] Error 1
make[1]: se sale del directorio '/home/salabeta/robocomp/components/beta-robotica-class/chocamem/CMakeFiles/CMakeTmp'
Makefile:126: recipe for target 'cmTC_76b2a/fast' failed
make: *** [cmTC_76b2a/fast] Error 2

File /home/salabeta/robocomp/components/beta-robotica-class/chocamem/CMakeFiles/CMakeTmp/CheckSymbolExists.cxx:
/* */
#include <QtCore/qglobal.h>

int main(int argc, char** argv)
{
  (void)argv;
#ifndef Q_WS_QWS
  return ((int*)(&Q_WS_QWS))[argc];
#else
  (void)argc;
  return 0;
#endif
}

Determining if the Q_WS_MAC exist failed with the following output:
Change Dir: /home/salabeta/robocomp/components/beta-robotica-class/chocamem/CMakeFiles/CMakeTmp

Run Build Command:"/usr/bin/make" "cmTC_1f792/fast"
/usr/bin/make -f CMakeFiles/cmTC_1f792.dir/build.make CMakeFiles/cmTC_1f792.dir/build
make[1]: se entra en el directorio '/home/salabeta/robocomp/components/beta-robotica-class/chocamem/CMakeFiles/CMakeTmp'
Building CXX object CMakeFiles/cmTC_1f792.dir/CheckSymbolExists.cxx.o
/usr/bin/c++   -I/usr/include/qt4   -o CMakeFiles/cmTC_1f792.dir/CheckSymbolExists.cxx.o -c /home/salabeta/robocomp/components/beta-robotica-class/chocamem/CMakeFiles/CMakeTmp/CheckSymbolExists.cxx
/home/salabeta/robocomp/components/beta-robotica-class/chocamem/CMakeFiles/CMakeTmp/CheckSymbolExists.cxx: In function ‘int main(int, char**)’:
/home/salabeta/robocomp/components/beta-robotica-class/chocamem/CMakeFiles/CMakeTmp/CheckSymbolExists.cxx:8:19: error: ‘Q_WS_MAC’ was not declared in this scope
   return ((int*)(&Q_WS_MAC))[argc];
                   ^~~~~~~~
/home/salabeta/robocomp/components/beta-robotica-class/chocamem/CMakeFiles/CMakeTmp/CheckSymbolExists.cxx:8:19: note: suggested alternative: ‘Q_WS_X11’
   return ((int*)(&Q_WS_MAC))[argc];
                   ^~~~~~~~
                   Q_WS_X11
CMakeFiles/cmTC_1f792.dir/build.make:65: recipe for target 'CMakeFiles/cmTC_1f792.dir/CheckSymbolExists.cxx.o' failed
make[1]: *** [CMakeFiles/cmTC_1f792.dir/CheckSymbolExists.cxx.o] Error 1
make[1]: se sale del directorio '/home/salabeta/robocomp/components/beta-robotica-class/chocamem/CMakeFiles/CMakeTmp'
Makefile:126: recipe for target 'cmTC_1f792/fast' failed
make: *** [cmTC_1f792/fast] Error 2

File /home/salabeta/robocomp/components/beta-robotica-class/chocamem/CMakeFiles/CMakeTmp/CheckSymbolExists.cxx:
/* */
#include <QtCore/qglobal.h>

int main(int argc, char** argv)
{
  (void)argv;
#ifndef Q_WS_MAC
  return ((int*)(&Q_WS_MAC))[argc];
#else
  (void)argc;
  return 0;
#endif
}

Determining if the pthread_create exist failed with the following output:
Change Dir: /home/salabeta/robocomp/components/beta-robotica-class/chocamem/CMakeFiles/CMakeTmp

Run Build Command:"/usr/bin/make" "cmTC_0435e/fast"
/usr/bin/make -f CMakeFiles/cmTC_0435e.dir/build.make CMakeFiles/cmTC_0435e.dir/build
make[1]: se entra en el directorio '/home/salabeta/robocomp/components/beta-robotica-class/chocamem/CMakeFiles/CMakeTmp'
Building C object CMakeFiles/cmTC_0435e.dir/CheckSymbolExists.c.o
/usr/bin/cc    -o CMakeFiles/cmTC_0435e.dir/CheckSymbolExists.c.o   -c /home/salabeta/robocomp/components/beta-robotica-class/chocamem/CMakeFiles/CMakeTmp/CheckSymbolExists.c
Linking C executable cmTC_0435e
/usr/bin/cmake -E cmake_link_script CMakeFiles/cmTC_0435e.dir/link.txt --verbose=1
/usr/bin/cc      -rdynamic CMakeFiles/cmTC_0435e.dir/CheckSymbolExists.c.o  -o cmTC_0435e 
CMakeFiles/cmTC_0435e.dir/CheckSymbolExists.c.o: En la función `main':
CheckSymbolExists.c:(.text+0x1b): referencia a `pthread_create' sin definir
collect2: error: ld returned 1 exit status
CMakeFiles/cmTC_0435e.dir/build.make:97: recipe for target 'cmTC_0435e' failed
make[1]: *** [cmTC_0435e] Error 1
make[1]: se sale del directorio '/home/salabeta/robocomp/components/beta-robotica-class/chocamem/CMakeFiles/CMakeTmp'
Makefile:126: recipe for target 'cmTC_0435e/fast' failed
make: *** [cmTC_0435e/fast] Error 2

File /home/salabeta/robocomp/components/beta-robotica-class/chocamem/CMakeFiles/CMakeTmp/CheckSymbolExists.c:
/* */
#include <pthread.h>

int main(int argc, char** argv)
{
  (void)argv;
#ifndef pthread_create
  return ((int*)(&pthread_create))[argc];
#else
  (void)argc;
  return 0;
#endif
}

Determining if the function pthread_create exists in the pthreads failed with the following output:
Change Dir: /home/salabeta/robocomp/components/beta-robotica-class/chocamem/CMakeFiles/CMakeTmp

Run Build Command:"/usr/bin/make" "cmTC_924c6/fast"
/usr/bin/make -f CMakeFiles/cmTC_924c6.dir/build.make CMakeFiles/cmTC_924c6.dir/build
make[1]: se entra en el directorio '/home/salabeta/robocomp/components/beta-robotica-class/chocamem/CMakeFiles/CMakeTmp'
Building C object CMakeFiles/cmTC_924c6.dir/CheckFunctionExists.c.o
/usr/bin/cc   -DCHECK_FUNCTION_EXISTS=pthread_create   -o CMakeFiles/cmTC_924c6.dir/CheckFunctionExists.c.o   -c /usr/share/cmake-3.10/Modules/CheckFunctionExists.c
Linking C executable cmTC_924c6
/usr/bin/cmake -E cmake_link_script CMakeFiles/cmTC_924c6.dir/link.txt --verbose=1
/usr/bin/cc  -DCHECK_FUNCTION_EXISTS=pthread_create    -rdynamic CMakeFiles/cmTC_924c6.dir/CheckFunctionExists.c.o  -o cmTC_924c6 -lpthreads 
/usr/bin/ld: no se puede encontrar -lpthreads
collect2: error: ld returned 1 exit status
CMakeFiles/cmTC_924c6.dir/build.make:97: recipe for target 'cmTC_924c6' failed
make[1]: *** [cmTC_924c6] Error 1
make[1]: se sale del directorio '/home/salabeta/robocomp/components/beta-robotica-class/chocamem/CMakeFiles/CMakeTmp'
Makefile:126: recipe for target 'cmTC_924c6/fast' failed
make: *** [cmTC_924c6/fast] Error 2


